{"/Users/gabrielturkadze/projects/CandidateReview/src/components/MainLayout.tsx": {"path":"/Users/gabrielturkadze/projects/CandidateReview/src/components/MainLayout.tsx","statementMap":{"0":{"start":{"line":7,"column":29},"end":{"line":22,"column":null}},"1":{"start":{"line":8,"column":46},"end":{"line":10,"column":null}},"2":{"start":{"line":9,"column":4},"end":{"line":9,"column":null}},"3":{"start":{"line":9,"column":54},"end":{"line":9,"column":64}},"4":{"start":{"line":12,"column":2},"end":{"line":12,"column":null}},"5":{"start":{"line":12,"column":17},"end":{"line":12,"column":null}},"6":{"start":{"line":13,"column":2},"end":{"line":13,"column":null}},"7":{"start":{"line":13,"column":13},"end":{"line":13,"column":null}},"8":{"start":{"line":14,"column":2},"end":{"line":20,"column":null}}},"fnMap":{"0":{"name":"(anonymous_0)","decl":{"start":{"line":7,"column":29},"end":{"line":7,"column":35}},"loc":{"start":{"line":7,"column":35},"end":{"line":22,"column":null}}},"1":{"name":"(anonymous_1)","decl":{"start":{"line":8,"column":71},"end":{"line":8,"column":null}},"loc":{"start":{"line":9,"column":4},"end":{"line":9,"column":null}}},"2":{"name":"(anonymous_2)","decl":{"start":{"line":9,"column":45},"end":{"line":9,"column":46}},"loc":{"start":{"line":9,"column":54},"end":{"line":9,"column":64}}}},"branchMap":{"0":{"loc":{"start":{"line":12,"column":2},"end":{"line":12,"column":null}},"type":"if","locations":[{"start":{"line":12,"column":2},"end":{"line":12,"column":null}},{"start":{"line":12,"column":2},"end":{"line":12,"column":null}}]},"1":{"loc":{"start":{"line":13,"column":2},"end":{"line":13,"column":null}},"type":"if","locations":[{"start":{"line":13,"column":2},"end":{"line":13,"column":null}},{"start":{"line":13,"column":2},"end":{"line":13,"column":null}}]}},"s":{"0":1,"1":1,"2":1,"3":0,"4":1,"5":1,"6":0,"7":0,"8":0},"f":{"0":1,"1":1,"2":0},"b":{"0":[1,0],"1":[0,0]}}
,"/Users/gabrielturkadze/projects/CandidateReview/src/components/@common/button/Button.tsx": {"path":"/Users/gabrielturkadze/projects/CandidateReview/src/components/@common/button/Button.tsx","statementMap":{"0":{"start":{"line":10,"column":43},"end":{"line":22,"column":null}},"1":{"start":{"line":11,"column":45},"end":{"line":11,"column":null}},"2":{"start":{"line":12,"column":22},"end":{"line":16,"column":null}},"3":{"start":{"line":17,"column":2},"end":{"line":20,"column":null}}},"fnMap":{"0":{"name":"(anonymous_0)","decl":{"start":{"line":10,"column":43},"end":{"line":10,"column":44}},"loc":{"start":{"line":10,"column":72},"end":{"line":22,"column":null}}}},"branchMap":{},"s":{"0":4,"1":31,"2":31,"3":31},"f":{"0":31},"b":{}}
,"/Users/gabrielturkadze/projects/CandidateReview/src/components/@common/modal/Modal.tsx": {"path":"/Users/gabrielturkadze/projects/CandidateReview/src/components/@common/modal/Modal.tsx","statementMap":{"0":{"start":{"line":13,"column":36},"end":{"line":49,"column":null}},"1":{"start":{"line":14,"column":45},"end":{"line":14,"column":null}},"2":{"start":{"line":15,"column":2},"end":{"line":47,"column":null}},"3":{"start":{"line":20,"column":23},"end":{"line":20,"column":null}},"4":{"start":{"line":30,"column":27},"end":{"line":30,"column":null}},"5":{"start":{"line":40,"column":37},"end":{"line":40,"column":55}}},"fnMap":{"0":{"name":"(anonymous_0)","decl":{"start":{"line":13,"column":36},"end":{"line":13,"column":37}},"loc":{"start":{"line":13,"column":47},"end":{"line":49,"column":null}}},"1":{"name":"(anonymous_1)","decl":{"start":{"line":20,"column":17},"end":{"line":20,"column":23}},"loc":{"start":{"line":20,"column":23},"end":{"line":20,"column":null}}},"2":{"name":"(anonymous_2)","decl":{"start":{"line":30,"column":21},"end":{"line":30,"column":27}},"loc":{"start":{"line":30,"column":27},"end":{"line":30,"column":null}}},"3":{"name":"(anonymous_3)","decl":{"start":{"line":40,"column":31},"end":{"line":40,"column":37}},"loc":{"start":{"line":40,"column":37},"end":{"line":40,"column":55}}}},"branchMap":{},"s":{"0":2,"1":5,"2":5,"3":1,"4":1,"5":1},"f":{"0":5,"1":1,"2":1,"3":1},"b":{}}
,"/Users/gabrielturkadze/projects/CandidateReview/src/components/@common/panel/Panel.tsx": {"path":"/Users/gabrielturkadze/projects/CandidateReview/src/components/@common/panel/Panel.tsx","statementMap":{"0":{"start":{"line":8,"column":41},"end":{"line":11,"column":null}},"1":{"start":{"line":9,"column":23},"end":{"line":9,"column":null}},"2":{"start":{"line":10,"column":2},"end":{"line":10,"column":null}}},"fnMap":{"0":{"name":"(anonymous_0)","decl":{"start":{"line":8,"column":41},"end":{"line":8,"column":42}},"loc":{"start":{"line":8,"column":69},"end":{"line":11,"column":null}}}},"branchMap":{},"s":{"0":3,"1":7,"2":7},"f":{"0":7},"b":{}}
,"/Users/gabrielturkadze/projects/CandidateReview/src/components/candidateDetails/CandidateDetails.tsx": {"path":"/Users/gabrielturkadze/projects/CandidateReview/src/components/candidateDetails/CandidateDetails.tsx","statementMap":{"0":{"start":{"line":18,"column":63},"end":{"line":92,"column":null}},"1":{"start":{"line":21,"column":33},"end":{"line":21,"column":null}},"2":{"start":{"line":22,"column":20},"end":{"line":22,"column":null}},"3":{"start":{"line":23,"column":33},"end":{"line":23,"column":null}},"4":{"start":{"line":24,"column":38},"end":{"line":24,"column":null}},"5":{"start":{"line":25,"column":44},"end":{"line":25,"column":null}},"6":{"start":{"line":26,"column":32},"end":{"line":26,"column":null}},"7":{"start":{"line":27,"column":39},"end":{"line":27,"column":null}},"8":{"start":{"line":29,"column":17},"end":{"line":35,"column":null}},"9":{"start":{"line":30,"column":4},"end":{"line":30,"column":null}},"10":{"start":{"line":31,"column":4},"end":{"line":31,"column":null}},"11":{"start":{"line":32,"column":4},"end":{"line":32,"column":null}},"12":{"start":{"line":33,"column":4},"end":{"line":33,"column":null}},"13":{"start":{"line":34,"column":4},"end":{"line":34,"column":null}},"14":{"start":{"line":37,"column":2},"end":{"line":90,"column":null}},"15":{"start":{"line":73,"column":31},"end":{"line":73,"column":null}},"16":{"start":{"line":78,"column":35},"end":{"line":78,"column":60}},"17":{"start":{"line":81,"column":35},"end":{"line":81,"column":61}},"18":{"start":{"line":84,"column":35},"end":{"line":84,"column":49}}},"fnMap":{"0":{"name":"(anonymous_0)","decl":{"start":{"line":18,"column":63},"end":{"line":18,"column":null}},"loc":{"start":{"line":20,"column":5},"end":{"line":92,"column":null}}},"1":{"name":"(anonymous_1)","decl":{"start":{"line":29,"column":17},"end":{"line":29,"column":18}},"loc":{"start":{"line":29,"column":58},"end":{"line":35,"column":null}}},"2":{"name":"(anonymous_2)","decl":{"start":{"line":73,"column":24},"end":{"line":73,"column":25}},"loc":{"start":{"line":73,"column":31},"end":{"line":73,"column":null}}},"3":{"name":"(anonymous_3)","decl":{"start":{"line":78,"column":29},"end":{"line":78,"column":35}},"loc":{"start":{"line":78,"column":35},"end":{"line":78,"column":60}}},"4":{"name":"(anonymous_4)","decl":{"start":{"line":81,"column":29},"end":{"line":81,"column":35}},"loc":{"start":{"line":81,"column":35},"end":{"line":81,"column":61}}},"5":{"name":"(anonymous_5)","decl":{"start":{"line":84,"column":29},"end":{"line":84,"column":35}},"loc":{"start":{"line":84,"column":35},"end":{"line":84,"column":49}}}},"branchMap":{},"s":{"0":2,"1":6,"2":6,"3":6,"4":6,"5":6,"6":6,"7":6,"8":6,"9":2,"10":2,"11":2,"12":2,"13":2,"14":6,"15":2,"16":1,"17":1,"18":1},"f":{"0":6,"1":2,"2":2,"3":1,"4":1,"5":1},"b":{}}
,"/Users/gabrielturkadze/projects/CandidateReview/src/components/candidateList/CandidateList.tsx": {"path":"/Users/gabrielturkadze/projects/CandidateReview/src/components/candidateList/CandidateList.tsx","statementMap":{"0":{"start":{"line":10,"column":32},"end":{"line":76,"column":null}},"1":{"start":{"line":11,"column":30},"end":{"line":11,"column":null}},"2":{"start":{"line":12,"column":52},"end":{"line":12,"column":null}},"3":{"start":{"line":13,"column":42},"end":{"line":13,"column":null}},"4":{"start":{"line":15,"column":2},"end":{"line":74,"column":null}},"5":{"start":{"line":25,"column":67},"end":{"line":25,"column":null}},"6":{"start":{"line":26,"column":30},"end":{"line":26,"column":null}},"7":{"start":{"line":27,"column":43},"end":{"line":27,"column":null}},"8":{"start":{"line":29,"column":39},"end":{"line":32,"column":null}},"9":{"start":{"line":34,"column":12},"end":{"line":54,"column":null}},"10":{"start":{"line":39,"column":18},"end":{"line":39,"column":null}},"11":{"start":{"line":40,"column":18},"end":{"line":40,"column":null}},"12":{"start":{"line":60,"column":16},"end":{"line":63,"column":null}},"13":{"start":{"line":61,"column":18},"end":{"line":61,"column":null}},"14":{"start":{"line":62,"column":18},"end":{"line":62,"column":null}}},"fnMap":{"0":{"name":"(anonymous_0)","decl":{"start":{"line":10,"column":32},"end":{"line":10,"column":38}},"loc":{"start":{"line":10,"column":38},"end":{"line":76,"column":null}}},"1":{"name":"(anonymous_1)","decl":{"start":{"line":24,"column":26},"end":{"line":24,"column":27}},"loc":{"start":{"line":24,"column":53},"end":{"line":56,"column":11}}},"2":{"name":"(anonymous_2)","decl":{"start":{"line":38,"column":25},"end":{"line":38,"column":31}},"loc":{"start":{"line":38,"column":31},"end":{"line":41,"column":null}}},"3":{"name":"(anonymous_3)","decl":{"start":{"line":59,"column":22},"end":{"line":59,"column":28}},"loc":{"start":{"line":59,"column":28},"end":{"line":64,"column":null}}}},"branchMap":{"0":{"loc":{"start":{"line":17,"column":7},"end":{"line":72,"column":null}},"type":"cond-expr","locations":[{"start":{"line":18,"column":8},"end":{"line":21,"column":null}},{"start":{"line":23,"column":8},"end":{"line":72,"column":null}}]},"1":{"loc":{"start":{"line":57,"column":11},"end":{"line":70,"column":null}},"type":"binary-expr","locations":[{"start":{"line":57,"column":11},"end":{"line":57,"column":null}},{"start":{"line":58,"column":12},"end":{"line":70,"column":null}}]},"2":{"loc":{"start":{"line":60,"column":16},"end":{"line":63,"column":null}},"type":"if","locations":[{"start":{"line":60,"column":16},"end":{"line":63,"column":null}},{"start":{"line":60,"column":16},"end":{"line":63,"column":null}}]}},"s":{"0":1,"1":0,"2":0,"3":0,"4":0,"5":0,"6":0,"7":0,"8":0,"9":0,"10":0,"11":0,"12":0,"13":0,"14":0},"f":{"0":0,"1":0,"2":0,"3":0},"b":{"0":[0,0],"1":[0,0],"2":[0,0]}}
,"/Users/gabrielturkadze/projects/CandidateReview/src/context/candidateContext.tsx": {"path":"/Users/gabrielturkadze/projects/CandidateReview/src/context/candidateContext.tsx","statementMap":{"0":{"start":{"line":4,"column":23},"end":{"line":4,"column":null}},"1":{"start":{"line":5,"column":43},"end":{"line":10,"column":null}},"2":{"start":{"line":7,"column":43},"end":{"line":7,"column":null}},"3":{"start":{"line":8,"column":20},"end":{"line":8,"column":null}},"4":{"start":{"line":9,"column":35},"end":{"line":9,"column":null}},"5":{"start":{"line":13,"column":2},"end":{"line":13,"column":null}},"6":{"start":{"line":20,"column":33},"end":{"line":59,"column":null}},"7":{"start":{"line":21,"column":28},"end":{"line":48,"column":null}},"8":{"start":{"line":24,"column":6},"end":{"line":27,"column":null}},"9":{"start":{"line":24,"column":27},"end":{"line":27,"column":8}},"10":{"start":{"line":30,"column":6},"end":{"line":30,"column":null}},"11":{"start":{"line":31,"column":6},"end":{"line":34,"column":null}},"12":{"start":{"line":31,"column":27},"end":{"line":34,"column":8}},"13":{"start":{"line":37,"column":6},"end":{"line":46,"column":null}},"14":{"start":{"line":38,"column":30},"end":{"line":40,"column":null}},"15":{"start":{"line":39,"column":25},"end":{"line":39,"column":null}},"16":{"start":{"line":41,"column":8},"end":{"line":41,"column":null}},"17":{"start":{"line":42,"column":8},"end":{"line":45,"column":null}},"18":{"start":{"line":50,"column":2},"end":{"line":52,"column":null}},"19":{"start":{"line":51,"column":4},"end":{"line":51,"column":null}},"20":{"start":{"line":54,"column":2},"end":{"line":57,"column":null}}},"fnMap":{"0":{"name":"(anonymous_0)","decl":{"start":{"line":7,"column":16},"end":{"line":7,"column":17}},"loc":{"start":{"line":7,"column":43},"end":{"line":7,"column":null}}},"1":{"name":"(anonymous_1)","decl":{"start":{"line":8,"column":14},"end":{"line":8,"column":20}},"loc":{"start":{"line":8,"column":20},"end":{"line":8,"column":null}}},"2":{"name":"(anonymous_2)","decl":{"start":{"line":9,"column":19},"end":{"line":9,"column":20}},"loc":{"start":{"line":9,"column":35},"end":{"line":9,"column":null}}},"3":{"name":"(anonymous_3)","decl":{"start":{"line":20,"column":33},"end":{"line":20,"column":34}},"loc":{"start":{"line":20,"column":58},"end":{"line":59,"column":null}}},"4":{"name":"(anonymous_4)","decl":{"start":{"line":23,"column":18},"end":{"line":23,"column":19}},"loc":{"start":{"line":23,"column":45},"end":{"line":28,"column":null}}},"5":{"name":"(anonymous_5)","decl":{"start":{"line":24,"column":15},"end":{"line":24,"column":16}},"loc":{"start":{"line":24,"column":27},"end":{"line":27,"column":8}}},"6":{"name":"(anonymous_6)","decl":{"start":{"line":29,"column":16},"end":{"line":29,"column":22}},"loc":{"start":{"line":29,"column":22},"end":{"line":35,"column":null}}},"7":{"name":"(anonymous_7)","decl":{"start":{"line":31,"column":15},"end":{"line":31,"column":16}},"loc":{"start":{"line":31,"column":27},"end":{"line":34,"column":8}}},"8":{"name":"(anonymous_8)","decl":{"start":{"line":36,"column":21},"end":{"line":36,"column":22}},"loc":{"start":{"line":36,"column":37},"end":{"line":47,"column":null}}},"9":{"name":"(anonymous_9)","decl":{"start":{"line":37,"column":15},"end":{"line":37,"column":16}},"loc":{"start":{"line":37,"column":26},"end":{"line":46,"column":7}}},"10":{"name":"(anonymous_10)","decl":{"start":{"line":39,"column":10},"end":{"line":39,"column":11}},"loc":{"start":{"line":39,"column":25},"end":{"line":39,"column":null}}},"11":{"name":"(anonymous_11)","decl":{"start":{"line":50,"column":18},"end":{"line":50,"column":24}},"loc":{"start":{"line":50,"column":24},"end":{"line":52,"column":5}}}},"branchMap":{"0":{"loc":{"start":{"line":6,"column":14},"end":{"line":6,"column":null}},"type":"binary-expr","locations":[{"start":{"line":6,"column":14},"end":{"line":6,"column":74}},{"start":{"line":6,"column":74},"end":{"line":6,"column":null}}]},"1":{"loc":{"start":{"line":6,"column":25},"end":{"line":6,"column":69}},"type":"binary-expr","locations":[{"start":{"line":6,"column":25},"end":{"line":6,"column":65}},{"start":{"line":6,"column":65},"end":{"line":6,"column":69}}]}},"s":{"0":2,"1":2,"2":2,"3":1,"4":0,"5":2,"6":2,"7":0,"8":0,"9":0,"10":0,"11":0,"12":0,"13":0,"14":0,"15":0,"16":0,"17":0,"18":0,"19":0,"20":0},"f":{"0":2,"1":1,"2":0,"3":0,"4":0,"5":0,"6":0,"7":0,"8":0,"9":0,"10":0,"11":0},"b":{"0":[2,0],"1":[2,2]}}
}
